<?xml version="1.0" encoding="UTF-8"?>
<coverage generated="1617987357226" clover="3.2.0">
  <project timestamp="1617987357226" name="All files">
    <metrics statements="17" coveredstatements="14" conditionals="10" coveredconditionals="7" methods="2" coveredmethods="2" elements="29" coveredelements="23" complexity="0" loc="17" ncloc="17" packages="1" files="1" classes="1"/>
    <file name="index.ts" path="/Users/wangxiao/zhaopin/npm-package/sequence/src/index.ts">
      <metrics statements="17" coveredstatements="14" conditionals="10" coveredconditionals="7" methods="2" coveredmethods="2"/>
      <line num="65" count="2" type="stmt"/>
      <line num="66" count="3" type="cond" truecount="1" falsecount="1"/>
      <line num="67" count="0" type="stmt"/>
      <line num="70" count="3" type="cond" truecount="1" falsecount="1"/>
      <line num="71" count="0" type="stmt"/>
      <line num="73" count="3" type="cond" truecount="2" falsecount="0"/>
      <line num="75" count="2" type="stmt"/>
      <line num="81" count="1" type="stmt"/>
      <line num="82" count="1" type="cond" truecount="1" falsecount="1"/>
      <line num="83" count="1" type="stmt"/>
      <line num="85" count="0" type="stmt"/>
      <line num="90" count="2" type="stmt"/>
      <line num="92" count="2" type="stmt"/>
      <line num="93" count="3" type="stmt"/>
      <line num="94" count="3" type="cond" truecount="2" falsecount="0"/>
      <line num="95" count="1" type="stmt"/>
      <line num="98" count="2" type="stmt"/>
    </file>
  </project>
</coverage>
