{"/Users/wangxiao/zhaopin/npm-package/sequence/src/index.ts": {"path":"/Users/wangxiao/zhaopin/npm-package/sequence/src/index.ts","statementMap":{"0":{"start":{"line":65,"column":24},"end":{"line":88,"column":6}},"1":{"start":{"line":66,"column":8},"end":{"line":68,"column":9}},"2":{"start":{"line":67,"column":12},"end":{"line":67,"column":18}},"3":{"start":{"line":70,"column":8},"end":{"line":72,"column":9}},"4":{"start":{"line":71,"column":12},"end":{"line":71,"column":23}},"5":{"start":{"line":73,"column":8},"end":{"line":87,"column":9}},"6":{"start":{"line":75,"column":12},"end":{"line":75,"column":31}},"7":{"start":{"line":81,"column":28},"end":{"line":81,"column":40}},"8":{"start":{"line":82,"column":12},"end":{"line":86,"column":13}},"9":{"start":{"line":83,"column":16},"end":{"line":83,"column":38}},"10":{"start":{"line":85,"column":16},"end":{"line":85,"column":30}},"11":{"start":{"line":90,"column":4},"end":{"line":90,"column":41}},"12":{"start":{"line":92,"column":4},"end":{"line":97,"column":5}},"13":{"start":{"line":92,"column":17},"end":{"line":92,"column":18}},"14":{"start":{"line":93,"column":21},"end":{"line":93,"column":56}},"15":{"start":{"line":94,"column":8},"end":{"line":96,"column":9}},"16":{"start":{"line":95,"column":12},"end":{"line":95,"column":42}},"17":{"start":{"line":98,"column":4},"end":{"line":98,"column":17}}},"fnMap":{"0":{"name":"allSettled","decl":{"start":{"line":64,"column":15},"end":{"line":64,"column":25}},"loc":{"start":{"line":64,"column":80},"end":{"line":99,"column":1}},"line":64},"1":{"name":"(anonymous_1)","decl":{"start":{"line":65,"column":35},"end":{"line":65,"column":36}},"loc":{"start":{"line":65,"column":43},"end":{"line":88,"column":5}},"line":65}},"branchMap":{"0":{"loc":{"start":{"line":66,"column":8},"end":{"line":68,"column":9}},"type":"if","locations":[{"start":{"line":66,"column":8},"end":{"line":68,"column":9}},{"start":{"line":66,"column":8},"end":{"line":68,"column":9}}],"line":66},"1":{"loc":{"start":{"line":70,"column":8},"end":{"line":72,"column":9}},"type":"if","locations":[{"start":{"line":70,"column":8},"end":{"line":72,"column":9}},{"start":{"line":70,"column":8},"end":{"line":72,"column":9}}],"line":70},"2":{"loc":{"start":{"line":73,"column":8},"end":{"line":87,"column":9}},"type":"if","locations":[{"start":{"line":73,"column":8},"end":{"line":87,"column":9}},{"start":{"line":73,"column":8},"end":{"line":87,"column":9}}],"line":73},"3":{"loc":{"start":{"line":82,"column":12},"end":{"line":86,"column":13}},"type":"if","locations":[{"start":{"line":82,"column":12},"end":{"line":86,"column":13}},{"start":{"line":82,"column":12},"end":{"line":86,"column":13}}],"line":82},"4":{"loc":{"start":{"line":94,"column":8},"end":{"line":96,"column":9}},"type":"if","locations":[{"start":{"line":94,"column":8},"end":{"line":96,"column":9}},{"start":{"line":94,"column":8},"end":{"line":96,"column":9}}],"line":94}},"s":{"0":2,"1":3,"2":0,"3":3,"4":0,"5":3,"6":2,"7":1,"8":1,"9":1,"10":0,"11":2,"12":2,"13":2,"14":3,"15":3,"16":1,"17":2},"f":{"0":2,"1":3},"b":{"0":[0,3],"1":[0,3],"2":[2,1],"3":[1,0],"4":[1,2]},"_coverageSchema":"1a1c01bbd47fc00a2c39e90264f33305004495a9","hash":"4f8eca93fc769ad70683c6989b2632c8f6063ec7"}
}
